# JRE version: OpenJDK Runtime Environment JBR-17.0.9+7-1087.7-nomod (17.0.9+7) (build 17.0.9+7-b1087.7)
# Java VM: OpenJDK 64-Bit Server VM JBR-17.0.9+7-1087.7-nomod (17.0.9+7-b1087.7, mixed mode, emulated-client, tiered, compressed oops, compressed class ptrs, g1 gc, windows-amd64)
GC Precious Log:
 CPUs: 16 total, 16 available
 Memory: 16220M
 Large Page Support: Disabled
 NUMA Support: Disabled
 Compressed Oops: Enabled (Zero based)
 Heap Region Size: 2M
 Heap Min Capacity: 8M
 Heap Initial Capacity: 254M
 Heap Max Capacity: 4056M
 Pre-touch: Disabled
 Parallel Workers: 13
 Concurrent Workers: 3
 Concurrent Refinement Workers: 13
 Periodic GC: Disabled
Heap:
 garbage-first heap   total 40960K, used 11441K [0x0000000702800000, 0x0000000800000000)
  region size 2048K, 1 young (2048K), 1 survivors (2048K)
 Metaspace       used 28479K, committed 28800K, reserved 1114112K
  class space    used 3495K, committed 3648K, reserved 1048576K
GC Heap History (11 events):
Event: 0.512 GC heap before
{Heap before GC invocations=0 (full 0):
 garbage-first heap   total 260096K, used 20480K [0x0000000702800000, 0x0000000800000000)
  region size 2048K, 11 young (22528K), 0 survivors (0K)
 Metaspace       used 15674K, committed 15872K, reserved 1114112K
  class space    used 1695K, committed 1792K, reserved 1048576K
}
Event: 0.516 GC heap after
{Heap after GC invocations=1 (full 0):
 garbage-first heap   total 260096K, used 7128K [0x0000000702800000, 0x0000000800000000)
  region size 2048K, 2 young (4096K), 2 survivors (4096K)
 Metaspace       used 15674K, committed 15872K, reserved 1114112K
  class space    used 1695K, committed 1792K, reserved 1048576K
}
Event: 0.779 GC heap before
{Heap before GC invocations=1 (full 0):
 garbage-first heap   total 260096K, used 29656K [0x0000000702800000, 0x0000000800000000)
  region size 2048K, 13 young (26624K), 2 survivors (4096K)
 Metaspace       used 20013K, committed 20224K, reserved 1114112K
  class space    used 2371K, committed 2496K, reserved 1048576K
}
Event: 0.782 GC heap after
{Heap after GC invocations=2 (full 0):
 garbage-first heap   total 260096K, used 9049K [0x0000000702800000, 0x0000000800000000)
  region size 2048K, 1 young (2048K), 1 survivors (2048K)
 Metaspace       used 20013K, committed 20224K, reserved 1114112K
  class space    used 2371K, committed 2496K, reserved 1048576K
}
Event: 0.814 GC heap before
{Heap before GC invocations=2 (full 0):
 garbage-first heap   total 260096K, used 13145K [0x0000000702800000, 0x0000000800000000)
  region size 2048K, 4 young (8192K), 1 survivors (2048K)
 Metaspace       used 21328K, committed 21504K, reserved 1114112K
  class space    used 2562K, committed 2624K, reserved 1048576K
}
Event: 0.815 GC heap after
{Heap after GC invocations=3 (full 0):
 garbage-first heap   total 260096K, used 9261K [0x0000000702800000, 0x0000000800000000)
  region size 2048K, 1 young (2048K), 1 survivors (2048K)
 Metaspace       used 21328K, committed 21504K, reserved 1114112K
  class space    used 2562K, committed 2624K, reserved 1048576K
}
Event: 0.911 GC heap before
{Heap before GC invocations=4 (full 0):
 garbage-first heap   total 40960K, used 25645K [0x0000000702800000, 0x0000000800000000)
  region size 2048K, 11 young (22528K), 1 survivors (2048K)
 Metaspace       used 25775K, committed 26048K, reserved 1114112K
  class space    used 3099K, committed 3200K, reserved 1048576K
}
Event: 0.913 GC heap after
{Heap after GC invocations=5 (full 0):
 garbage-first heap   total 40960K, used 10463K [0x0000000702800000, 0x0000000800000000)
  region size 2048K, 2 young (4096K), 2 survivors (4096K)
 Metaspace       used 25775K, committed 26048K, reserved 1114112K
  class space    used 3099K, committed 3200K, reserved 1048576K
}
Event: 0.922 GC heap before
{Heap before GC invocations=5 (full 0):
 garbage-first heap   total 40960K, used 12511K [0x0000000702800000, 0x0000000800000000)
  region size 2048K, 3 young (6144K), 2 survivors (4096K)
 Metaspace       used 26251K, committed 26496K, reserved 1114112K
  class space    used 3159K, committed 3264K, reserved 1048576K
}
Event: 0.923 GC heap after
{Heap after GC invocations=6 (full 0):
 garbage-first heap   total 40960K, used 10606K [0x0000000702800000, 0x0000000800000000)
  region size 2048K, 1 young (2048K), 1 survivors (2048K)
 Metaspace       used 26251K, committed 26496K, reserved 1114112K
  class space    used 3159K, committed 3264K, reserved 1048576K
}
Event: 0.998 GC heap before
{Heap before GC invocations=6 (full 0):
 garbage-first heap   total 40960K, used 22894K [0x0000000702800000, 0x0000000800000000)
  region size 2048K, 8 young (16384K), 1 survivors (2048K)
 Metaspace       used 28479K, committed 28800K, reserved 1114112K
  class space    used 3495K, committed 3648K, reserved 1048576K
}

